[00:08:26] [Client thread/INFO]: [CHAT] [§1AromaBackup§r] Starting Backup. The server may lag for a bit!
[00:11:51] [Client thread/INFO]: [CHAT] [§1AromaBackup§r] Server Backup done!
[00:11:51] [Client thread/INFO]: [CHAT] [§1AromaBackup§r] Next scheduled Backup in 30 minutes.
[00:14:04] [Client thread/INFO]: [CHAT] Eternie left the game
[00:14:05] [Client thread/INFO]: [CHAT] Eternie joined the game
[00:15:00] [Client thread/INFO]: [CHAT] hejdan joined the game
[00:15:03] [Client thread/INFO]: [CHAT] <Eternie> nämen
[00:15:16] [Client thread/INFO]: [CHAT] <hejdan> Yo!
[00:24:37] [Client thread/INFO]: [CHAT] Activated Waystone: Unk
[00:24:38] [Client thread/INFO]: [CHAT] Activated Waystone: Unk§7 (2)
[00:24:39] [Client thread/INFO]: [CHAT] Activated Waystone: Unk§7 (3)
[00:24:39] [Client thread/INFO]: [CHAT] Activated Waystone: Unk§7 (4)
[00:24:39] [Client thread/INFO]: [CHAT] Activated Waystone: Unk§7 (5)
[00:24:39] [Client thread/INFO]: [CHAT] Activated Waystone: Unk§7 (6)
[00:24:39] [Client thread/INFO]: [CHAT] Activated Waystone: Unk§7 (7)
[00:24:40] [Client thread/INFO]: [CHAT] Activated Waystone: Unk§7 (8)
[00:24:40] [Client thread/INFO]: [CHAT] Activated Waystone: Unk§7 (9)
[00:24:40] [Client thread/INFO]: [CHAT] Activated Waystone: Unk§7 (10)
[00:24:40] [Client thread/INFO]: [CHAT] Activated Waystone: Unk§7 (11)
[00:24:42] [Client thread/INFO]: [CHAT] Activated Waystone: Unk§7 (12)
[00:24:42] [Client thread/INFO]: [CHAT] Activated Waystone: Unk§7 (13)
[00:24:43] [Client thread/INFO]: [CHAT] Activated Waystone: Unk§7 (14)
[00:24:43] [Client thread/INFO]: [CHAT] Activated Waystone: Unk§7 (15)
[00:24:43] [Client thread/INFO]: [CHAT] Activated Waystone: Unk§7 (16)
[00:24:44] [Client thread/INFO]: [CHAT] Activated Waystone: Unk§7 (17)
[00:24:44] [Client thread/INFO]: [CHAT] Activated Waystone: Unk§7 (18)
[00:24:44] [Client thread/INFO]: [CHAT] Activated Waystone: Unk§7 (19)
[00:24:44] [Client thread/INFO]: [CHAT] Activated Waystone: Unk§7 (20)
[00:24:44] [Client thread/INFO]: [CHAT] Activated Waystone: Unk§7 (21)
[00:24:44] [Client thread/INFO]: [CHAT] Activated Waystone: Unk§7 (22)
[00:24:44] [Client thread/INFO]: [CHAT] Activated Waystone: Unk§7 (23)
[00:24:45] [Client thread/INFO]: [CHAT] Activated Waystone: Unk§7 (24)
[00:24:45] [Client thread/INFO]: [CHAT] Activated Waystone: Unk§7 (25)
[00:24:45] [Client thread/INFO]: [CHAT] Activated Waystone: Unk§7 (26)
[00:24:45] [Client thread/INFO]: [CHAT] Activated Waystone: Unk§7 (27)
[00:24:45] [Client thread/INFO]: [CHAT] Activated Waystone: Unk§7 (28)
[00:24:45] [Client thread/INFO]: [CHAT] Activated Waystone: Unk§7 (29)
[00:24:48] [Client thread/INFO]: [CHAT] Activated Waystone: Unk§7 (30)
[00:24:48] [Client thread/INFO]: [CHAT] Activated Waystone: Unk§7 (31)
[00:24:49] [Client thread/INFO]: [CHAT] Activated Waystone: Unk§7 (32)
[00:27:14] [Client thread/INFO]: [CHAT] unket1 has just earned the achievement [Shocking]
[00:28:54] [Client thread/INFO]: [CHAT] unket1 has just earned the achievement [Unnatural]
[00:29:13] [Client thread/INFO]: [CHAT] unket1 has just earned the achievement [Fluix Production]
[00:33:55] [Client thread/INFO]: [CHAT] unket1 has just earned the achievement [Fluix Energy Connection]
[00:35:52] [Client thread/INFO]: [CHAT] unket1 has just earned the achievement [Accelerator is an understatement]
[00:42:08] [Client thread/INFO]: Stopping!
