[21:14:27] [main/INFO]: LiteLoader 1.7.10_04 starting up...
[21:14:27] [main/INFO]: Java reports OS="windows 8.1"
[21:14:27] [main/INFO]: Enumerating class path...
[21:14:27] [main/INFO]: Class path separator=";"
[21:14:27] [main/INFO]: Class path entries=(
   classpathEntry=C:\Users\hampe\AppData\Roaming\ATLauncher\instances\ProjectDarkMatter\jarmods\forge-1.7.10-10.13.4.1614-1.7.10-universal.jar
   classpathEntry=C:\Users\hampe\AppData\Roaming\ATLauncher\libraries\net\minecraft\launchwrapper\1.12\launchwrapper-1.12.jar
   classpathEntry=C:\Users\hampe\AppData\Roaming\ATLauncher\libraries\org\ow2\asm\asm-all\5.0.3\asm-all-5.0.3.jar
   classpathEntry=C:\Users\hampe\AppData\Roaming\ATLauncher\libraries\com\typesafe\akka\akka-actor_2.11\2.3.3\akka-actor_2.11-2.3.3.jar
   classpathEntry=C:\Users\hampe\AppData\Roaming\ATLauncher\libraries\com\typesafe\config\1.2.1\config-1.2.1.jar
   classpathEntry=C:\Users\hampe\AppData\Roaming\ATLauncher\libraries\org\scala-lang\scala-actors-migration_2.11\1.1.0\scala-actors-migration_2.11-1.1.0.jar
   classpathEntry=C:\Users\hampe\AppData\Roaming\ATLauncher\libraries\org\scala-lang\scala-compiler\2.11.1\scala-compiler-2.11.1.jar
   classpathEntry=C:\Users\hampe\AppData\Roaming\ATLauncher\libraries\org\scala-lang\plugins\scala-continuations-library_2.11\1.0.2\scala-continuations-library_2.11-1.0.2.jar
   classpathEntry=C:\Users\hampe\AppData\Roaming\ATLauncher\libraries\org\scala-lang\plugins\scala-continuations-plugin_2.11.1\1.0.2\scala-continuations-plugin_2.11.1-1.0.2.jar
   classpathEntry=C:\Users\hampe\AppData\Roaming\ATLauncher\libraries\org\scala-lang\scala-library\2.11.1\scala-library-2.11.1.jar
   classpathEntry=C:\Users\hampe\AppData\Roaming\ATLauncher\libraries\org\scala-lang\scala-parser-combinators_2.11\1.0.1\scala-parser-combinators_2.11-1.0.1.jar
   classpathEntry=C:\Users\hampe\AppData\Roaming\ATLauncher\libraries\org\scala-lang\scala-reflect\2.11.1\scala-reflect-2.11.1.jar
   classpathEntry=C:\Users\hampe\AppData\Roaming\ATLauncher\libraries\org\scala-lang\scala-swing_2.11\1.0.1\scala-swing_2.11-1.0.1.jar
   classpathEntry=C:\Users\hampe\AppData\Roaming\ATLauncher\libraries\org\scala-lang\scala-xml_2.11\1.0.2\scala-xml_2.11-1.0.2.jar
   classpathEntry=C:\Users\hampe\AppData\Roaming\ATLauncher\libraries\lzma\lzma\0.0.1\lzma-0.0.1.jar
   classpathEntry=C:\Users\hampe\AppData\Roaming\ATLauncher\libraries\net\sf\jopt-simple\jopt-simple\4.5\jopt-simple-4.5.jar
   classpathEntry=C:\Users\hampe\AppData\Roaming\ATLauncher\libraries\com\google\guava\guava\17.0\guava-17.0.jar
   classpathEntry=C:\Users\hampe\AppData\Roaming\ATLauncher\libraries\org\apache\commons\commons-lang3\3.3.2\commons-lang3-3.3.2.jar
   classpathEntry=C:\Users\hampe\AppData\Roaming\ATLauncher\libraries\no
   classpathEntry=C:\Users\hampe\AppData\Roaming\ATLauncher\libraries\com\mojang\netty\1.8.8\netty-1.8.8.jar
   classpathEntry=C:\Users\hampe\AppData\Roaming\ATLauncher\libraries\com\mojang\realms\1.3.5\realms-1.3.5.jar
   classpathEntry=C:\Users\hampe\AppData\Roaming\ATLauncher\libraries\org\apache\commons\commons-compress\1.8.1\commons-compress-1.8.1.jar
   classpathEntry=C:\Users\hampe\AppData\Roaming\ATLauncher\libraries\org\apache\httpcomponents\httpclient\4.3.3\httpclient-4.3.3.jar
   classpathEntry=C:\Users\hampe\AppData\Roaming\ATLauncher\libraries\commons-logging\commons-logging\1.1.3\commons-logging-1.1.3.jar
   classpathEntry=C:\Users\hampe\AppData\Roaming\ATLauncher\libraries\org\apache\httpcomponents\httpcore\4.3.2\httpcore-4.3.2.jar
   classpathEntry=C:\Users\hampe\AppData\Roaming\ATLauncher\libraries\java3d\vecmath\1.3.1\vecmath-1.3.1.jar
   classpathEntry=C:\Users\hampe\AppData\Roaming\ATLauncher\libraries\net\sf\trove4j\trove4j\3.0.3\trove4j-3.0.3.jar
   classpathEntry=C:\Users\hampe\AppData\Roaming\ATLauncher\libraries\com\ibm\icu\icu4j-core-mojang\51.2\icu4j-core-mojang-51.2.jar
   classpathEntry=C:\Users\hampe\AppData\Roaming\ATLauncher\libraries\com\paulscode\codecjorbis\20101023\codecjorbis-20101023.jar
   classpathEntry=C:\Users\hampe\AppData\Roaming\ATLauncher\libraries\com\paulscode\codecwav\20101023\codecwav-20101023.jar
   classpathEntry=C:\Users\hampe\AppData\Roaming\ATLauncher\libraries\com\paulscode\libraryjavasound\20101123\libraryjavasound-20101123.jar
   classpathEntry=C:\Users\hampe\AppData\Roaming\ATLauncher\libraries\com\paulscode\librarylwjglopenal\20100824\librarylwjglopenal-20100824.jar
   classpathEntry=C:\Users\hampe\AppData\Roaming\ATLauncher\libraries\com\paulscode\soundsystem\20120107\soundsystem-20120107.jar
   classpathEntry=C:\Users\hampe\AppData\Roaming\ATLauncher\libraries\io\netty\netty-all\4.0.10.Final\netty-all-4.0.10.Final.jar
   classpathEntry=C:\Users\hampe\AppData\Roaming\ATLauncher\libraries\com\google\guava\guava\15.0\guava-15.0.jar
   classpathEntry=C:\Users\hampe\AppData\Roaming\ATLauncher\libraries\org\apache\commons\commons-lang3\3.1\commons-lang3-3.1.jar
   classpathEntry=C:\Users\hampe\AppData\Roaming\ATLauncher\libraries\commons-io\commons-io\2.4\commons-io-2.4.jar
   classpathEntry=C:\Users\hampe\AppData\Roaming\ATLauncher\libraries\commons-codec\commons-codec\1.9\commons-codec-1.9.jar
   classpathEntry=C:\Users\hampe\AppData\Roaming\ATLauncher\libraries\net\java\jinput\jinput\2.0.5\jinput-2.0.5.jar
   classpathEntry=C:\Users\hampe\AppData\Roaming\ATLauncher\libraries\net\java\jutils\jutils\1.0.0\jutils-1.0.0.jar
   classpathEntry=C:\Users\hampe\AppData\Roaming\ATLauncher\libraries\com\google\code\gson\gson\2.2.4\gson-2.2.4.jar
   classpathEntry=C:\Users\hampe\AppData\Roaming\ATLauncher\libraries\com\mojang\authlib\1.5.21\authlib-1.5.21.jar
   classpathEntry=C:\Users\hampe\AppData\Roaming\ATLauncher\libraries\org\apache\logging\log4j\log4j-api\2.0-beta9-fixed\log4j-api-2.0-beta9-fixed.jar
   classpathEntry=C:\Users\hampe\AppData\Roaming\ATLauncher\libraries\org\apache\logging\log4j\log4j-core\2.0-beta9-fixed\log4j-core-2.0-beta9-fixed.jar
   classpathEntry=C:\Users\hampe\AppData\Roaming\ATLauncher\libraries\org\lwjgl\lwjgl\lwjgl\2.9.1\lwjgl-2.9.1.jar
   classpathEntry=C:\Users\hampe\AppData\Roaming\ATLauncher\libraries\org\lwjgl\lwjgl\lwjgl_util\2.9.1\lwjgl_util-2.9.1.jar
   classpathEntry=C:\Users\hampe\AppData\Roaming\ATLauncher\libraries\tv\twitch\twitch\5.16\twitch-5.16.jar
   classpathEntry=C:\Users\hampe\AppData\Roaming\ATLauncher\libraries\org\lwjgl\lwjgl\lwjgl-platform\2.9.1\lwjgl-platform-2.9.1-natives-windows.jar
   classpathEntry=C:\Users\hampe\AppData\Roaming\ATLauncher\libraries\net\java\jinput\jinput-platform\2.0.5\jinput-platform-2.0.5-natives-windows.jar
   classpathEntry=C:\Users\hampe\AppData\Roaming\ATLauncher\libraries\tv\twitch\twitch-platform\5.16\twitch-platform-5.16-natives-windows-64.jar
   classpathEntry=C:\Users\hampe\AppData\Roaming\ATLauncher\libraries\tv\twitch\twitch-external-platform\4.5\twitch-external-platform-4.5-natives-windows-64.jar
   classpathEntry=C:\Users\hampe\AppData\Roaming\ATLauncher\libraries\net\minecraft\client\1.7.10\client-1.7.10.jar
)
[21:14:27] [main/INFO]: Registering discovery module EnumeratorModuleClassPath: [<Java Class Path>]
[21:14:27] [main/INFO]: Registering discovery module EnumeratorModuleFolder: [C:\Users\hampe\AppData\Roaming\ATLauncher\instances\ProjectDarkMatter\mods]
[21:14:27] [main/INFO]: Registering discovery module EnumeratorModuleFolder: [C:\Users\hampe\AppData\Roaming\ATLauncher\instances\ProjectDarkMatter\mods\1.7.10]
[21:14:27] [main/INFO]: Adding supported mod class prefix 'LiteMod'
[21:14:27] [main/INFO]: Discovering tweaks on class path...
[21:14:27] [main/WARN]: Error encountered whilst inspecting C:\Users\hampe\AppData\Roaming\ATLauncher\libraries\no
java.lang.StringIndexOutOfBoundsException: String index out of range: -1
	at java.lang.String.substring(String.java:1955) ~[?:1.8.0_51]
	at com.mumfrey.liteloader.core.api.LoadableModClassPath.<init>(LoadableModClassPath.java:47) ~[LoadableModClassPath.class:1.7.10_04]
	at com.mumfrey.liteloader.core.api.LoadableModClassPath.<init>(LoadableModClassPath.java:32) ~[LoadableModClassPath.class:1.7.10_04]
	at com.mumfrey.liteloader.core.api.EnumeratorModuleClassPath.enumerate(EnumeratorModuleClassPath.java:95) [EnumeratorModuleClassPath.class:1.7.10_04]
	at com.mumfrey.liteloader.core.LiteLoaderEnumerator.discoverContainers(LiteLoaderEnumerator.java:380) [LiteLoaderEnumerator.class:1.7.10_04]
	at com.mumfrey.liteloader.core.LiteLoaderEnumerator.onPreInit(LiteLoaderEnumerator.java:365) [LiteLoaderEnumerator.class:1.7.10_04]
	at com.mumfrey.liteloader.core.LiteLoaderBootstrap.preInit(LiteLoaderBootstrap.java:297) [LiteLoaderBootstrap.class:1.7.10_04]
	at com.mumfrey.liteloader.launch.LiteLoaderTweaker.onPreInit(LiteLoaderTweaker.java:314) [no:1.7.10_04]
	at com.mumfrey.liteloader.launch.LiteLoaderTweaker.acceptOptions(LiteLoaderTweaker.java:220) [no:1.7.10_04]
	at net.minecraft.launchwrapper.Launch.launch(Launch.java:114) [launchwrapper-1.12.jar:?]
	at net.minecraft.launchwrapper.Launch.main(Launch.java:28) [launchwrapper-1.12.jar:?]
[21:14:27] [main/INFO]: Discovering valid mod files in folder C:\Users\hampe\AppData\Roaming\ATLauncher\instances\ProjectDarkMatter\mods
[21:14:27] [main/INFO]: Considering valid mod file: C:\Users\hampe\AppData\Roaming\ATLauncher\instances\ProjectDarkMatter\mods\matmos-1.7.10-36.0.1.jar
[21:14:27] [main/INFO]: Adding newest valid mod file 'C:\Users\hampe\AppData\Roaming\ATLauncher\instances\ProjectDarkMatter\mods\matmos-1.7.10-36.0.1.jar' at revision 0.0000
[21:14:27] [main/INFO]: Discovering valid mod files in folder C:\Users\hampe\AppData\Roaming\ATLauncher\instances\ProjectDarkMatter\mods\1.7.10
[21:14:27] [main/INFO]: Searching for tweaks in 'Baubles-1.0.4.jar'
[21:14:27] [main/WARN]: Error parsing manifest entries in 'C:\Users\hampe\AppData\Roaming\ATLauncher\instances\ProjectDarkMatter\mods\1.7.10\Baubles-1.0.4.jar'
[21:14:27] [main/INFO]: Searching for tweaks in 'ForgeMultipart-1.5.0.jar'
[21:14:27] [main/WARN]: Error parsing manifest entries in 'C:\Users\hampe\AppData\Roaming\ATLauncher\instances\ProjectDarkMatter\mods\1.7.10\ForgeMultipart-1.5.0.jar'
[21:14:27] [main/INFO]: Searching for tweaks in 'MrTJPCore-1.7.10-1.1.0.33-universal.jar'
[21:14:27] [main/WARN]: Error parsing manifest entries in 'C:\Users\hampe\AppData\Roaming\ATLauncher\instances\ProjectDarkMatter\mods\1.7.10\MrTJPCore-1.7.10-1.1.0.33-universal.jar'
[21:14:27] [main/INFO]: Searching for tweaks in '[1.7.10]bspkrsCore-universal-6.16.jar'
[21:14:27] [main/WARN]: Error parsing manifest entries in 'C:\Users\hampe\AppData\Roaming\ATLauncher\instances\ProjectDarkMatter\mods\1.7.10\[1.7.10]bspkrsCore-universal-6.16.jar'
[21:14:27] [main/INFO]: LiteLoader PREINIT complete
[21:14:30] [main/INFO]: Injecting onstartupcomplete[x1] in func_71384_a in Minecraft
[21:14:30] [main/INFO]: Injecting ontimerupdate[x1] in func_71411_J in Minecraft
[21:14:30] [main/INFO]: Injecting onrender[x1] in func_71411_J in Minecraft
[21:14:30] [main/INFO]: Injecting ontick[x1] in func_71411_J in Minecraft
[21:14:30] [main/INFO]: Injecting updateframebuffersize[x1] in func_147119_ah in Minecraft
[21:14:30] [main/INFO]: Injecting newtick[x1] in func_71407_l in Minecraft
[21:14:30] [main/INFO]: Applying overlay com.mumfrey.liteloader.client.overlays.MinecraftOverlay to net.minecraft.client.Minecraft
[21:14:30] [main/INFO]: MinecraftOverlayTransformer found INIT injection point, this is good.
[21:14:30] [main/INFO]: Injecting onc00handshake[x1] in func_148833_a in C00Handshake
[21:14:30] [main/INFO]: Injecting onc00packetloginstart[x1] in func_148833_a in C00PacketLoginStart
[21:14:30] [main/INFO]: Injecting onc16packetclientstatus[x1] in func_148833_a in C16PacketClientStatus
[21:14:31] [main/INFO]: Injecting onoutboundchat[x1] in func_71165_d in EntityClientPlayerMP
[21:14:31] [main/INFO]: Injecting onrenderchat[x1] in func_73830_a in GuiIngame
[21:14:31] [main/INFO]: Injecting postrenderchat[x1] in func_73830_a in GuiIngame
[21:14:31] [main/INFO]: Injecting ons03packettimeupdate[x1] in func_148833_a in S03PacketTimeUpdate
[21:14:32] [main/INFO]: Injecting ons34packetmaps[x1] in func_148833_a in S34PacketMaps
[21:14:32] [Client thread/INFO]: Injecting onc15packetclientsettings[x1] in func_148833_a in C15PacketClientSettings
[21:14:32] [Client thread/INFO]: Injecting renderfbo[x1] in func_147615_c in Framebuffer
[21:14:33] [Client thread/INFO]: Injecting oncreateintegratedserver[x1] in <init> in IntegratedServer
[21:14:33] [Client thread/INFO]: Generating new Event Handler Proxy Class com.mumfrey.liteloader.core.event.EventProxy
[21:14:33] [Client thread/INFO]: Successfully generated event handler proxy class with 17 handlers(s) and 17 total invokations
[21:14:39] [Client thread/INFO]: Injecting ons21packetchunkdata[x1] in func_148833_a in S21PacketChunkData
[21:14:41] [Client thread/INFO]: Injecting onc0epacketclickwindow[x1] in func_148833_a in C0EPacketClickWindow
[21:14:41] [Client thread/INFO]: Injecting onc03packetplayer[x1] in func_148833_a in C03PacketPlayer
[21:14:41] [Client thread/INFO]: Injecting onc08packetplayerblockplacement[x1] in func_148833_a in C08PacketPlayerBlockPlacement
[21:14:42] [Client thread/INFO]: Injecting ons04packetentityequipment[x1] in func_148833_a in S04PacketEntityEquipment
[21:14:42] [Client thread/INFO]: Injecting ons0dpacketcollectitem[x1] in func_148833_a in S0DPacketCollectItem
[21:14:42] [Client thread/INFO]: Injecting ons0bpacketanimation[x1] in func_148833_a in S0BPacketAnimation
[21:14:42] [Client thread/INFO]: Injecting ons23packetblockchange[x1] in func_148833_a in S23PacketBlockChange
[21:14:43] [Client thread/INFO]: Injecting ons20packetentityproperties[x1] in func_148833_a in S20PacketEntityProperties
[21:14:43] [Client thread/INFO]: Injecting onplayerlogin[x1] in func_72377_c in ServerConfigurationManager
[21:14:43] [Client thread/INFO]: Injecting onplayerlogout[x1] in func_72367_e in ServerConfigurationManager
[21:14:43] [Client thread/INFO]: Injecting onspawnplayer[x1] in func_148545_a in ServerConfigurationManager
[21:14:43] [Client thread/INFO]: Injecting onrespawnplayer[x1] in func_72368_a in ServerConfigurationManager
[21:14:43] [Client thread/INFO]: Injecting ons24packetblockaction[x1] in func_148833_a in S24PacketBlockAction
[21:14:43] [Client thread/INFO]: Injecting ons2apacketparticles[x1] in func_148833_a in S2APacketParticles
[21:14:43] [Client thread/INFO]: Injecting ons2cpacketspawnglobalentity[x1] in func_148833_a in S2CPacketSpawnGlobalEntity
[21:14:43] [Client thread/INFO]: Injecting ons27packetexplosion[x1] in func_148833_a in S27PacketExplosion
[21:14:43] [Client thread/INFO]: Injecting ons2bpacketchangegamestate[x1] in func_148833_a in S2BPacketChangeGameState
[21:14:43] [Client thread/INFO]: Injecting ons19packetentitystatus[x1] in func_148833_a in S19PacketEntityStatus
[21:14:48] [Client thread/INFO]: Injecting ons35packetupdatetileentity[x1] in func_148833_a in S35PacketUpdateTileEntity
[21:14:48] [Client thread/INFO]: Injecting onrenderworld[x1] in func_78471_a in EntityRenderer
[21:14:48] [Client thread/INFO]: Injecting onsetupcameratransform[x1] in func_78471_a in EntityRenderer
[21:14:48] [Client thread/INFO]: Injecting postrenderentities[x1] in func_78471_a in EntityRenderer
[21:14:48] [Client thread/INFO]: Injecting postrender[x1] in func_78471_a in EntityRenderer
[21:14:48] [Client thread/INFO]: Injecting postrender[x1] in func_78471_a in EntityRenderer
[21:14:53] [Client thread/INFO]: Injecting ons1bpacketentityattach[x1] in func_148833_a in S1BPacketEntityAttach
[21:14:55] [Client thread/INFO]: Injecting ons12packetentityvelocity[x1] in func_148833_a in S12PacketEntityVelocity
[21:14:58] [Client thread/INFO]: Injecting onc07packetplayerdigging[x1] in func_148833_a in C07PacketPlayerDigging
[21:15:01] [Client thread/INFO]: Injecting onc0dpacketclosewindow[x1] in func_148833_a in C0DPacketCloseWindow
[21:15:11] [Client thread/INFO]: Injecting ons00packetkeepalive[x1] in func_148833_a in S00PacketKeepAlive
[21:15:11] [Client thread/INFO]: Injecting ons01packetjoingame[x1] in func_148833_a in S01PacketJoinGame
[21:15:11] [Client thread/INFO]: Injecting ons02packetchat[x1] in func_148833_a in S02PacketChat
[21:15:11] [Client thread/INFO]: Injecting ons05packetspawnposition[x1] in func_148833_a in S05PacketSpawnPosition
[21:15:11] [Client thread/INFO]: Injecting ons06packetupdatehealth[x1] in func_148833_a in S06PacketUpdateHealth
[21:15:11] [Client thread/INFO]: Injecting ons07packetrespawn[x1] in func_148833_a in S07PacketRespawn
[21:15:11] [Client thread/INFO]: Injecting ons08packetplayerposlook[x1] in func_148833_a in S08PacketPlayerPosLook
[21:15:11] [Client thread/INFO]: Injecting ons09packethelditemchange[x1] in func_148833_a in S09PacketHeldItemChange
[21:15:11] [Client thread/INFO]: Injecting ons0apacketusebed[x1] in func_148833_a in S0APacketUseBed
[21:15:11] [Client thread/INFO]: Injecting ons0cpacketspawnplayer[x1] in func_148833_a in S0CPacketSpawnPlayer
[21:15:11] [Client thread/INFO]: Injecting ons0epacketspawnobject[x1] in func_148833_a in S0EPacketSpawnObject
[21:15:11] [Client thread/INFO]: Injecting ons0fpacketspawnmob[x1] in func_148833_a in S0FPacketSpawnMob
[21:15:11] [Client thread/INFO]: Injecting ons10packetspawnpainting[x1] in func_148833_a in S10PacketSpawnPainting
[21:15:11] [Client thread/INFO]: Injecting ons11packetspawnexperienceorb[x1] in func_148833_a in S11PacketSpawnExperienceOrb
[21:15:11] [Client thread/INFO]: Injecting ons13packetdestroyentities[x1] in func_148833_a in S13PacketDestroyEntities
[21:15:11] [Client thread/INFO]: Injecting ons14packetentity[x1] in func_148833_a in S14PacketEntity
[21:15:11] [Client thread/INFO]: Injecting ons15packetentityrelmove[x1] in func_148833_a in S14PacketEntity$S15PacketEntityRelMove
[21:15:11] [Client thread/INFO]: Injecting ons16packetentitylook[x1] in func_148833_a in S14PacketEntity$S16PacketEntityLook
[21:15:11] [Client thread/INFO]: Injecting ons17packetentitylookmove[x1] in func_148833_a in S14PacketEntity$S17PacketEntityLookMove
[21:15:11] [Client thread/INFO]: Injecting ons18packetentityteleport[x1] in func_148833_a in S18PacketEntityTeleport
[21:15:11] [Client thread/INFO]: Injecting ons19packetentityheadlook[x1] in func_148833_a in S19PacketEntityHeadLook
[21:15:11] [Client thread/INFO]: Injecting ons1cpacketentitymetadata[x1] in func_148833_a in S1CPacketEntityMetadata
[21:15:11] [Client thread/INFO]: Injecting ons1dpacketentityeffect[x1] in func_148833_a in S1DPacketEntityEffect
[21:15:11] [Client thread/INFO]: Injecting ons1epacketremoveentityeffect[x1] in func_148833_a in S1EPacketRemoveEntityEffect
[21:15:11] [Client thread/INFO]: Injecting ons1fpacketsetexperience[x1] in func_148833_a in S1FPacketSetExperience
[21:15:11] [Client thread/INFO]: Injecting ons20packetentityproperties[x1] in func_148833_a in S20PacketEntityProperties
[21:15:11] [Client thread/INFO]: Injecting ons22packetmultiblockchange[x1] in func_148833_a in S22PacketMultiBlockChange
[21:15:11] [Client thread/INFO]: Injecting ons25packetblockbreakanim[x1] in func_148833_a in S25PacketBlockBreakAnim
[21:15:11] [Client thread/INFO]: Injecting ons26packetmapchunkbulk[x1] in func_148833_a in S26PacketMapChunkBulk
[21:15:11] [Client thread/INFO]: Injecting ons28packeteffect[x1] in func_148833_a in S28PacketEffect
[21:15:11] [Client thread/INFO]: Injecting ons29packetsoundeffect[x1] in func_148833_a in S29PacketSoundEffect
[21:15:11] [Client thread/INFO]: Injecting ons2dpacketopenwindow[x1] in func_148833_a in S2DPacketOpenWindow
[21:15:11] [Client thread/INFO]: Injecting ons2epacketclosewindow[x1] in func_148833_a in S2EPacketCloseWindow
[21:15:11] [Client thread/INFO]: Injecting ons2fpacketsetslot[x1] in func_148833_a in S2FPacketSetSlot
[21:15:11] [Client thread/INFO]: Injecting ons30packetwindowitems[x1] in func_148833_a in S30PacketWindowItems
[21:15:11] [Client thread/INFO]: Injecting ons31packetwindowproperty[x1] in func_148833_a in S31PacketWindowProperty
[21:15:11] [Client thread/INFO]: Injecting ons32packetconfirmtransaction[x1] in func_148833_a in S32PacketConfirmTransaction
[21:15:11] [Client thread/INFO]: Injecting ons33packetupdatesign[x1] in func_148833_a in S33PacketUpdateSign
[21:15:11] [Client thread/INFO]: Injecting ons36packetsigneditoropen[x1] in func_148833_a in S36PacketSignEditorOpen
[21:15:11] [Client thread/INFO]: Injecting ons37packetstatistics[x1] in func_148833_a in S37PacketStatistics
[21:15:11] [Client thread/INFO]: Injecting ons38packetplayerlistitem[x1] in func_148833_a in S38PacketPlayerListItem
[21:15:11] [Client thread/INFO]: Injecting ons39packetplayerabilities[x1] in func_148833_a in S39PacketPlayerAbilities
[21:15:11] [Client thread/INFO]: Injecting ons3apackettabcomplete[x1] in func_148833_a in S3APacketTabComplete
[21:15:11] [Client thread/INFO]: Injecting ons3bpacketscoreboardobjective[x1] in func_148833_a in S3BPacketScoreboardObjective
[21:15:11] [Client thread/INFO]: Injecting ons3cpacketupdatescore[x1] in func_148833_a in S3CPacketUpdateScore
[21:15:11] [Client thread/INFO]: Injecting ons3dpacketdisplayscoreboard[x1] in func_148833_a in S3DPacketDisplayScoreboard
[21:15:11] [Client thread/INFO]: Injecting ons3epacketteams[x1] in func_148833_a in S3EPacketTeams
[21:15:11] [Client thread/INFO]: Injecting ons3fpacketcustompayload[x1] in func_148833_a in S3FPacketCustomPayload
[21:15:11] [Client thread/INFO]: Injecting ons40packetdisconnect[x1] in func_148833_a in S40PacketDisconnect
[21:15:11] [Client thread/INFO]: Injecting onc00packetkeepalive[x1] in func_148833_a in C00PacketKeepAlive
[21:15:11] [Client thread/INFO]: Injecting onc01packetchatmessage[x1] in func_148833_a in C01PacketChatMessage
[21:15:11] [Client thread/INFO]: Injecting onc02packetuseentity[x1] in func_148833_a in C02PacketUseEntity
[21:15:11] [Client thread/INFO]: Injecting onc03packetplayer[x1] in func_148833_a in C03PacketPlayer
[21:15:11] [Client thread/INFO]: Injecting onc04packetplayerposition[x1] in func_148833_a in C03PacketPlayer$C04PacketPlayerPosition
[21:15:11] [Client thread/INFO]: Injecting onc05packetplayerlook[x1] in func_148833_a in C03PacketPlayer$C05PacketPlayerLook
[21:15:11] [Client thread/INFO]: Injecting onc06packetplayerposlook[x1] in func_148833_a in C03PacketPlayer$C06PacketPlayerPosLook
[21:15:11] [Client thread/INFO]: Injecting onc09packethelditemchange[x1] in func_148833_a in C09PacketHeldItemChange
[21:15:11] [Client thread/INFO]: Injecting onc0apacketanimation[x1] in func_148833_a in C0APacketAnimation
[21:15:11] [Client thread/INFO]: Injecting onc0bpacketentityaction[x1] in func_148833_a in C0BPacketEntityAction
[21:15:11] [Client thread/INFO]: Injecting onc0cpacketinput[x1] in func_148833_a in C0CPacketInput
[21:15:11] [Client thread/INFO]: Injecting onc0epacketclickwindow[x1] in func_148833_a in C0EPacketClickWindow
[21:15:11] [Client thread/INFO]: Injecting onc0fpacketconfirmtransaction[x1] in func_148833_a in C0FPacketConfirmTransaction
[21:15:11] [Client thread/INFO]: Injecting onc10packetcreativeinventoryaction[x1] in func_148833_a in C10PacketCreativeInventoryAction
[21:15:11] [Client thread/INFO]: Injecting onc11packetenchantitem[x1] in func_148833_a in C11PacketEnchantItem
[21:15:11] [Client thread/INFO]: Injecting onc12packetupdatesign[x1] in func_148833_a in C12PacketUpdateSign
[21:15:11] [Client thread/INFO]: Injecting onc13packetplayerabilities[x1] in func_148833_a in C13PacketPlayerAbilities
[21:15:11] [Client thread/INFO]: Injecting onc14packettabcomplete[x1] in func_148833_a in C14PacketTabComplete
[21:15:11] [Client thread/INFO]: Injecting onc17packetcustompayload[x1] in func_148833_a in C17PacketCustomPayload
[21:15:11] [Client thread/INFO]: Injecting ons00packetserverinfo[x1] in func_148833_a in S00PacketServerInfo
[21:15:11] [Client thread/INFO]: Injecting ons01packetpong[x1] in func_148833_a in S01PacketPong
[21:15:11] [Client thread/INFO]: Injecting ons00packetdisconnect[x1] in func_148833_a in S00PacketDisconnect
[21:15:11] [Client thread/INFO]: Injecting ons01packetencryptionrequest[x1] in func_148833_a in S01PacketEncryptionRequest
[21:15:11] [Client thread/INFO]: Injecting ons02packetloginsuccess[x1] in func_148833_a in S02PacketLoginSuccess
[21:15:11] [Client thread/INFO]: Injecting onc01packetencryptionresponse[x1] in func_148833_a in C01PacketEncryptionResponse
[21:15:31] [Client thread/INFO]: Injecting ons2fpacketsetslot[x1] in func_148833_a in S2FPacketSetSlot
[21:15:31] [Client thread/INFO]: Injecting ons07packetrespawn[x1] in func_148833_a in S07PacketRespawn
[21:15:39] [Client thread/INFO]: JInput Component Registry is initialising...
[21:15:39] [Client thread/INFO]: Inspecting Mouse controller HID-kompatibel mus on Unknown...
[21:15:39] [Client thread/INFO]: Inspecting Keyboard controller HID Keyboard Device on Unknown...
[21:15:39] [Client thread/INFO]: Inspecting Keyboard controller HID Keyboard Device on Unknown...
[21:15:39] [Client thread/INFO]: Inspecting Keyboard controller HID Keyboard Device on Unknown...
[21:15:39] [Client thread/INFO]: Inspecting Unknown controller Varmilo Keyboard on Unknown...
[21:15:39] [Client thread/INFO]: Inspecting Unknown controller Varmilo Keyboard on Unknown...
[21:15:39] [Client thread/INFO]: Inspecting Unknown controller RØDE XDM-100 on Unknown...
[21:15:39] [Client thread/INFO]: Inspecting Unknown controller Varmilo Keyboard on Unknown...
[21:15:39] [Client thread/INFO]: Inspecting Unknown controller ROCCAT Kova Aimo on Unknown...
[21:15:39] [Client thread/INFO]: Inspecting Unknown controller ROCCAT Kova Aimo on Unknown...
[21:15:39] [Client thread/INFO]: JInput Component Registry initialised, found 10 controller(s) 415 component(s)
[21:15:39] [Client thread/INFO]: LiteLoader begin INIT...
[21:15:39] [Client thread/INFO]: Baking listener list for CoreProvider with 2 listeners
[21:15:39] [Client thread/INFO]: Injecting external mods into class path...
[21:15:39] [Client thread/INFO]: Successfully injected mod file 'C:\Users\hampe\AppData\Roaming\ATLauncher\instances\ProjectDarkMatter\mods\matmos-1.7.10-36.0.1.jar' into classpath
[21:15:39] [Client thread/INFO]: Injecting external mods into class path...
[21:15:39] [Client thread/INFO]: Discovering mods on class path...
[21:15:39] [Client thread/INFO]: Searching C:\Users\hampe\AppData\Roaming\ATLauncher\instances\ProjectDarkMatter\jarmods\forge-1.7.10-10.13.4.1614-1.7.10-universal.jar...
[21:15:39] [Client thread/INFO]: Searching C:\Users\hampe\AppData\Roaming\ATLauncher\libraries\net\minecraft\launchwrapper\1.12\launchwrapper-1.12.jar...
[21:15:39] [Client thread/INFO]: Searching C:\Users\hampe\AppData\Roaming\ATLauncher\libraries\org\ow2\asm\asm-all\5.0.3\asm-all-5.0.3.jar...
[21:15:39] [Client thread/INFO]: Searching C:\Users\hampe\AppData\Roaming\ATLauncher\libraries\com\typesafe\akka\akka-actor_2.11\2.3.3\akka-actor_2.11-2.3.3.jar...
[21:15:39] [Client thread/INFO]: Searching C:\Users\hampe\AppData\Roaming\ATLauncher\libraries\com\typesafe\config\1.2.1\config-1.2.1.jar...
[21:15:39] [Client thread/INFO]: Searching C:\Users\hampe\AppData\Roaming\ATLauncher\libraries\org\scala-lang\scala-actors-migration_2.11\1.1.0\scala-actors-migration_2.11-1.1.0.jar...
[21:15:39] [Client thread/INFO]: Searching C:\Users\hampe\AppData\Roaming\ATLauncher\libraries\org\scala-lang\scala-compiler\2.11.1\scala-compiler-2.11.1.jar...
[21:15:39] [Client thread/INFO]: Searching C:\Users\hampe\AppData\Roaming\ATLauncher\libraries\org\scala-lang\plugins\scala-continuations-library_2.11\1.0.2\scala-continuations-library_2.11-1.0.2.jar...
[21:15:39] [Client thread/INFO]: Searching C:\Users\hampe\AppData\Roaming\ATLauncher\libraries\org\scala-lang\plugins\scala-continuations-plugin_2.11.1\1.0.2\scala-continuations-plugin_2.11.1-1.0.2.jar...
[21:15:39] [Client thread/INFO]: Searching C:\Users\hampe\AppData\Roaming\ATLauncher\libraries\org\scala-lang\scala-library\2.11.1\scala-library-2.11.1.jar...
[21:15:39] [Client thread/INFO]: Searching C:\Users\hampe\AppData\Roaming\ATLauncher\libraries\org\scala-lang\scala-parser-combinators_2.11\1.0.1\scala-parser-combinators_2.11-1.0.1.jar...
[21:15:39] [Client thread/INFO]: Searching C:\Users\hampe\AppData\Roaming\ATLauncher\libraries\org\scala-lang\scala-reflect\2.11.1\scala-reflect-2.11.1.jar...
[21:15:39] [Client thread/INFO]: Searching C:\Users\hampe\AppData\Roaming\ATLauncher\libraries\org\scala-lang\scala-swing_2.11\1.0.1\scala-swing_2.11-1.0.1.jar...
[21:15:39] [Client thread/INFO]: Searching C:\Users\hampe\AppData\Roaming\ATLauncher\libraries\org\scala-lang\scala-xml_2.11\1.0.2\scala-xml_2.11-1.0.2.jar...
[21:15:39] [Client thread/INFO]: Searching C:\Users\hampe\AppData\Roaming\ATLauncher\libraries\lzma\lzma\0.0.1\lzma-0.0.1.jar...
[21:15:39] [Client thread/INFO]: Searching C:\Users\hampe\AppData\Roaming\ATLauncher\libraries\net\sf\jopt-simple\jopt-simple\4.5\jopt-simple-4.5.jar...
[21:15:39] [Client thread/INFO]: Searching C:\Users\hampe\AppData\Roaming\ATLauncher\libraries\com\google\guava\guava\17.0\guava-17.0.jar...
[21:15:39] [Client thread/INFO]: Searching C:\Users\hampe\AppData\Roaming\ATLauncher\libraries\org\apache\commons\commons-lang3\3.3.2\commons-lang3-3.3.2.jar...
[21:15:39] [Client thread/INFO]: Searching C:\Users\hampe\AppData\Roaming\ATLauncher\libraries\com\mojang\netty\1.8.8\netty-1.8.8.jar...
[21:15:39] [Client thread/INFO]: Searching C:\Users\hampe\AppData\Roaming\ATLauncher\libraries\com\mojang\realms\1.3.5\realms-1.3.5.jar...
[21:15:39] [Client thread/INFO]: Searching C:\Users\hampe\AppData\Roaming\ATLauncher\libraries\org\apache\commons\commons-compress\1.8.1\commons-compress-1.8.1.jar...
[21:15:39] [Client thread/INFO]: Searching C:\Users\hampe\AppData\Roaming\ATLauncher\libraries\org\apache\httpcomponents\httpclient\4.3.3\httpclient-4.3.3.jar...
[21:15:39] [Client thread/INFO]: Searching C:\Users\hampe\AppData\Roaming\ATLauncher\libraries\commons-logging\commons-logging\1.1.3\commons-logging-1.1.3.jar...
[21:15:39] [Client thread/INFO]: Searching C:\Users\hampe\AppData\Roaming\ATLauncher\libraries\org\apache\httpcomponents\httpcore\4.3.2\httpcore-4.3.2.jar...
[21:15:39] [Client thread/INFO]: Searching C:\Users\hampe\AppData\Roaming\ATLauncher\libraries\java3d\vecmath\1.3.1\vecmath-1.3.1.jar...
[21:15:39] [Client thread/INFO]: Searching C:\Users\hampe\AppData\Roaming\ATLauncher\libraries\net\sf\trove4j\trove4j\3.0.3\trove4j-3.0.3.jar...
[21:15:39] [Client thread/INFO]: Searching C:\Users\hampe\AppData\Roaming\ATLauncher\libraries\com\ibm\icu\icu4j-core-mojang\51.2\icu4j-core-mojang-51.2.jar...
[21:15:39] [Client thread/INFO]: Searching C:\Users\hampe\AppData\Roaming\ATLauncher\libraries\com\paulscode\codecjorbis\20101023\codecjorbis-20101023.jar...
[21:15:39] [Client thread/INFO]: Searching C:\Users\hampe\AppData\Roaming\ATLauncher\libraries\com\paulscode\codecwav\20101023\codecwav-20101023.jar...
[21:15:39] [Client thread/INFO]: Searching C:\Users\hampe\AppData\Roaming\ATLauncher\libraries\com\paulscode\libraryjavasound\20101123\libraryjavasound-20101123.jar...
[21:15:39] [Client thread/INFO]: Searching C:\Users\hampe\AppData\Roaming\ATLauncher\libraries\com\paulscode\librarylwjglopenal\20100824\librarylwjglopenal-20100824.jar...
[21:15:39] [Client thread/INFO]: Searching C:\Users\hampe\AppData\Roaming\ATLauncher\libraries\com\paulscode\soundsystem\20120107\soundsystem-20120107.jar...
[21:15:39] [Client thread/INFO]: Searching C:\Users\hampe\AppData\Roaming\ATLauncher\libraries\io\netty\netty-all\4.0.10.Final\netty-all-4.0.10.Final.jar...
[21:15:39] [Client thread/INFO]: Searching C:\Users\hampe\AppData\Roaming\ATLauncher\libraries\com\google\guava\guava\15.0\guava-15.0.jar...
[21:15:39] [Client thread/INFO]: Searching C:\Users\hampe\AppData\Roaming\ATLauncher\libraries\org\apache\commons\commons-lang3\3.1\commons-lang3-3.1.jar...
[21:15:39] [Client thread/INFO]: Searching C:\Users\hampe\AppData\Roaming\ATLauncher\libraries\commons-io\commons-io\2.4\commons-io-2.4.jar...
[21:15:39] [Client thread/INFO]: Searching C:\Users\hampe\AppData\Roaming\ATLauncher\libraries\commons-codec\commons-codec\1.9\commons-codec-1.9.jar...
[21:15:39] [Client thread/INFO]: Searching C:\Users\hampe\AppData\Roaming\ATLauncher\libraries\net\java\jinput\jinput\2.0.5\jinput-2.0.5.jar...
[21:15:39] [Client thread/INFO]: Searching C:\Users\hampe\AppData\Roaming\ATLauncher\libraries\net\java\jutils\jutils\1.0.0\jutils-1.0.0.jar...
[21:15:39] [Client thread/INFO]: Searching C:\Users\hampe\AppData\Roaming\ATLauncher\libraries\com\google\code\gson\gson\2.2.4\gson-2.2.4.jar...
[21:15:39] [Client thread/INFO]: Searching C:\Users\hampe\AppData\Roaming\ATLauncher\libraries\com\mojang\authlib\1.5.21\authlib-1.5.21.jar...
[21:15:39] [Client thread/INFO]: Searching C:\Users\hampe\AppData\Roaming\ATLauncher\libraries\org\apache\logging\log4j\log4j-api\2.0-beta9-fixed\log4j-api-2.0-beta9-fixed.jar...
[21:15:39] [Client thread/INFO]: Searching C:\Users\hampe\AppData\Roaming\ATLauncher\libraries\org\apache\logging\log4j\log4j-core\2.0-beta9-fixed\log4j-core-2.0-beta9-fixed.jar...
[21:15:39] [Client thread/INFO]: Searching C:\Users\hampe\AppData\Roaming\ATLauncher\libraries\org\lwjgl\lwjgl\lwjgl\2.9.1\lwjgl-2.9.1.jar...
[21:15:39] [Client thread/INFO]: Searching C:\Users\hampe\AppData\Roaming\ATLauncher\libraries\org\lwjgl\lwjgl\lwjgl_util\2.9.1\lwjgl_util-2.9.1.jar...
[21:15:39] [Client thread/INFO]: Searching C:\Users\hampe\AppData\Roaming\ATLauncher\libraries\tv\twitch\twitch\5.16\twitch-5.16.jar...
[21:15:39] [Client thread/INFO]: Searching C:\Users\hampe\AppData\Roaming\ATLauncher\libraries\org\lwjgl\lwjgl\lwjgl-platform\2.9.1\lwjgl-platform-2.9.1-natives-windows.jar...
[21:15:39] [Client thread/INFO]: Searching C:\Users\hampe\AppData\Roaming\ATLauncher\libraries\net\java\jinput\jinput-platform\2.0.5\jinput-platform-2.0.5-natives-windows.jar...
[21:15:39] [Client thread/INFO]: Searching C:\Users\hampe\AppData\Roaming\ATLauncher\libraries\tv\twitch\twitch-platform\5.16\twitch-platform-5.16-natives-windows-64.jar...
[21:15:39] [Client thread/INFO]: Searching C:\Users\hampe\AppData\Roaming\ATLauncher\libraries\tv\twitch\twitch-external-platform\4.5\twitch-external-platform-4.5-natives-windows-64.jar...
[21:15:39] [Client thread/INFO]: Searching C:\Users\hampe\AppData\Roaming\ATLauncher\libraries\net\minecraft\client\1.7.10\client-1.7.10.jar...
[21:15:39] [Client thread/INFO]: Discovering mods in valid mod files...
[21:15:39] [Client thread/INFO]: Searching C:\Users\hampe\AppData\Roaming\ATLauncher\instances\ProjectDarkMatter\mods\matmos-1.7.10-36.0.1.jar...
[21:15:39] [Client thread/INFO]: Discovering mods in valid mod files...
[21:15:39] [Client thread/INFO]: Mod class discovery completed
[21:15:39] [Client thread/INFO]: LiteLoader begin POSTINIT...
[21:15:39] [Client thread/INFO]: Inhibiting sound handler reload
[21:15:39] [Client thread/INFO]: Registering interface provider com.mumfrey.liteloader.client.ClientEvents for API LiteLoader core API
[21:15:39] [Client thread/INFO]: Registering interface provider com.mumfrey.liteloader.client.PacketEventsClient for API LiteLoader core API
[21:15:39] [Client thread/INFO]: Registering interface provider com.mumfrey.liteloader.client.ClientPluginChannelsClient for API LiteLoader core API
[21:15:39] [Client thread/INFO]: Registering interface provider com.mumfrey.liteloader.core.ServerPluginChannels for API LiteLoader core API
[21:15:39] [Client thread/INFO]: Registering interface provider com.mumfrey.liteloader.messaging.MessageBus for API LiteLoader core API
[21:15:39] [Client thread/INFO]: Discovered 0 total mod(s), injected 0 tweak(s)
[21:15:39] [Client thread/INFO]: No mod classes were found. Not loading any mods.
[21:17:30] [Client thread/INFO]: Baking listener list for ViewportListener with 0 listeners
[21:17:30] [Client thread/INFO]: Sound handler reload inhibit removed
[21:17:30] [Client thread/INFO]: Reloading sound handler
[21:17:31] [Client thread/INFO]: Baking listener list for GameLoopListener with 0 listeners
[21:17:31] [Client thread/INFO]: Baking listener list for RenderListener with 0 listeners
[21:17:31] [Client thread/INFO]: Baking listener list for TickObserver with 3 listeners
[21:17:31] [Client thread/INFO]: Baking listener list for PostRenderObserver with 3 listeners
[21:17:31] [Client thread/INFO]: Baking listener list for Tickable with 0 listeners
[21:17:31] [Client thread/INFO]: Baking listener list for WorldObserver with 2 listeners
[01:04:15] [Client thread/INFO]: Baking listener list for ServerCommandProvider with 0 listeners
[01:04:21] [Server thread/INFO]: Injecting ons0epacketspawnobject[x1] in func_148833_a in S0EPacketSpawnObject
[01:04:21] [Server thread/INFO]: Injecting ons0cpacketspawnplayer[x1] in func_148833_a in S0CPacketSpawnPlayer
[01:04:21] [Server thread/INFO]: Injecting ons11packetspawnexperienceorb[x1] in func_148833_a in S11PacketSpawnExperienceOrb
[01:04:21] [Server thread/INFO]: Injecting ons1bpacketentityattach[x1] in func_148833_a in S1BPacketEntityAttach
[01:04:21] [Server thread/INFO]: Injecting ons12packetentityvelocity[x1] in func_148833_a in S12PacketEntityVelocity
[01:04:21] [Server thread/INFO]: Injecting ons19packetentityheadlook[x1] in func_148833_a in S19PacketEntityHeadLook
[01:04:21] [Server thread/INFO]: Injecting ons16packetentitylook[x1] in func_148833_a in S14PacketEntity$S16PacketEntityLook
[01:04:21] [Server thread/INFO]: Injecting ons14packetentity[x1] in func_148833_a in S14PacketEntity
[01:04:21] [Server thread/INFO]: Injecting ons18packetentityteleport[x1] in func_148833_a in S18PacketEntityTeleport
[01:04:21] [Server thread/INFO]: Injecting ons15packetentityrelmove[x1] in func_148833_a in S14PacketEntity$S15PacketEntityRelMove
[01:04:21] [Server thread/INFO]: Injecting ons17packetentitylookmove[x1] in func_148833_a in S14PacketEntity$S17PacketEntityLookMove
[01:04:46] [Netty Client IO #0/INFO]: Generating new Event Handler Proxy Class com.mumfrey.liteloader.core.event.EventProxy$2
[01:04:46] [Netty Client IO #0/INFO]: Successfully generated event handler proxy class with 116 handlers(s) and 116 total invokations
[01:04:46] [Netty Client IO #0/INFO]: Baking listener list for PostLoginListener with 0 listeners
[01:04:46] [Server thread/INFO]: Baking listener list for ServerPlayerListener with 0 listeners
[01:04:47] [Client thread/INFO]: Baking listener list for PreJoinGameListener with 0 listeners
[01:04:48] [Client thread/INFO]: Baking listener list for JoinGameListener with 0 listeners
[01:04:48] [Client thread/INFO]: Baking listener list for ChatListener with 0 listeners
[01:04:49] [Client thread/INFO]: Baking listener list for PostRenderListener with 0 listeners
[02:21:03] [Client thread/INFO]: LiteLoader is shutting down, shutting down core providers and syncing configuration
[02:21:03] [Client thread/INFO]: Baking listener list for ShutdownObserver with 2 listeners
